<?xml version="1.0" encoding="UTF-8"?>
<!-- Generated by org.testng.reporters.JUnitReportReporter -->
<testsuite skipped="1" hostname="DESKTOP-582J8UK" name="demos.Sample_Test_Skip_Method" tests="3" failures="0" timestamp="19 Apr 2021 13:32:10 GMT" time="0.015" errors="0">
  <testcase name="c" time="0.000" classname="demos.Sample_Test_Skip_Method"/>
  <testcase name="b" time="0.000" classname="demos.Sample_Test_Skip_Method">
    <skipped/>
  </testcase> <!-- b -->
  <testcase name="a" time="0.015" classname="demos.Sample_Test_Skip_Method"/>
</testsuite> <!-- demos.Sample_Test_Skip_Method -->
