<?xml version="1.0" encoding="UTF-8"?>
<!-- Generated by org.testng.reporters.JUnitReportReporter -->
<testsuite skipped="1" hostname="DESKTOP-582J8UK" name="demos.Sample_Test_Skip_Method1" tests="3" failures="0" timestamp="19 Apr 2021 13:36:44 GMT" time="0.016" errors="0">
  <testcase name="c" time="0.000" classname="demos.Sample_Test_Skip_Method1"/>
  <testcase name="b" time="0.000" classname="demos.Sample_Test_Skip_Method1">
    <skipped/>
  </testcase> <!-- b -->
  <testcase name="a" time="0.016" classname="demos.Sample_Test_Skip_Method1"/>
</testsuite> <!-- demos.Sample_Test_Skip_Method1 -->
