<?xml version="1.0" encoding="UTF-8"?>
<!-- Generated by org.testng.reporters.JUnitReportReporter -->
<testsuite skipped="1" hostname="DESKTOP-582J8UK" name="demos.Gmail_Test_Enabled" tests="2" failures="0" timestamp="19 Apr 2021 13:22:33 GMT" time="0.016" errors="0">
  <testcase name="sendMail" time="0.016" classname="demos.Gmail_Test_Enabled"/>
  <testcase name="receiveMail" classname="demos.Gmail_Test_Enabled">
    <skipped/>
  </testcase> <!-- receiveMail -->
</testsuite> <!-- demos.Gmail_Test_Enabled -->
