<?xml version="1.0" encoding="UTF-8"?>
<!-- Generated by org.testng.reporters.JUnitReportReporter -->
<testsuite skipped="0" hostname="DESKTOP-582J8UK" name="demos.Gmail_Test" tests="2" failures="0" timestamp="19 Apr 2021 13:25:01 GMT" time="0.000" errors="0">
  <testcase name="receiveMail" time="0.000" classname="demos.Gmail_Test"/>
  <testcase name="sendMail" time="0.000" classname="demos.Gmail_Test"/>
</testsuite> <!-- demos.Gmail_Test -->
