<?xml version="1.0" encoding="UTF-8"?>
<!-- Generated by org.testng.reporters.JUnitReportReporter -->
<testsuite skipped="0" hostname="DESKTOP-582J8UK" name="demos.Gmail_Before_After_Suite" tests="2" failures="0" timestamp="19 Apr 2021 13:53:47 GMT" time="0.000" errors="0">
  <testcase name="sendMail" time="0.000" classname="demos.Gmail_Before_After_Suite"/>
  <testcase name="receiveMail" time="0.000" classname="demos.Gmail_Before_After_Suite"/>
</testsuite> <!-- demos.Gmail_Before_After_Suite -->
